2024-10-25 22:03:54 [main] INFO  CommonJavaTest.SettingLogger - Logging testCaseStep
2024-10-25 22:07:11 [main] INFO  CommonJavaTest.SettingLogger - Logging testCaseStep
2024-10-25 22:07:59 [main] INFO  CommonJavaTest.SettingLogger - Logging testCaseStep
2024-10-25 22:56:26 [main] INFO  cucumber.stepDef.GoogleSearch_stepDef - Loading browser....
2024-10-25 22:56:26 [main] INFO  cucumber.stepDef.GoogleSearch_stepDef - Loading url....
2024-10-25 22:56:27 [main] INFO  cucumber.stepDef.GoogleSearch_stepDef - Verifying Search box...
2024-10-25 22:56:41 [main] INFO  cucumber.stepDef.GoogleSearch_stepDef - Loading browser....
2024-10-25 22:56:41 [main] INFO  cucumber.stepDef.GoogleSearch_stepDef - Loading url....
2024-10-25 22:56:44 [main] INFO  cucumber.stepDef.GoogleSearch_stepDef - Verifying Search box...
2024-10-25 22:56:47 [main] INFO  cucumber.stepDef.GoogleSearch_stepDef - Loading browser....
2024-10-25 22:56:47 [main] INFO  cucumber.stepDef.GoogleSearch_stepDef - Loading url....
2024-10-25 22:56:48 [main] INFO  cucumber.stepDef.GoogleSearch_stepDef - Verifying Search box...
2024-10-25 23:02:41 [main] INFO  cucumber.stepDef.GoogleSearch_stepDef - Loading browser....
2024-10-25 23:02:41 [main] INFO  cucumber.stepDef.GoogleSearch_stepDef - Loading url....
2024-10-25 23:02:42 [main] INFO  cucumber.stepDef.GoogleSearch_stepDef - Verifying Search box...
2024-10-25 23:02:54 [main] INFO  cucumber.stepDef.Hooks - Scenario Passed: Searching company name_1
2024-10-25 23:02:56 [main] INFO  cucumber.stepDef.GoogleSearch_stepDef - Loading browser....
2024-10-25 23:02:56 [main] INFO  cucumber.stepDef.GoogleSearch_stepDef - Loading url....
2024-10-25 23:02:57 [main] INFO  cucumber.stepDef.GoogleSearch_stepDef - Verifying Search box...
2024-10-25 23:03:09 [main] INFO  cucumber.stepDef.Hooks - Scenario Passed: Searching company name_1
2024-10-25 23:03:12 [main] INFO  cucumber.stepDef.GoogleSearch_stepDef - Loading browser....
2024-10-25 23:03:12 [main] INFO  cucumber.stepDef.GoogleSearch_stepDef - Loading url....
2024-10-25 23:03:13 [main] INFO  cucumber.stepDef.GoogleSearch_stepDef - Verifying Search box...
2024-10-25 23:03:15 [main] INFO  cucumber.stepDef.Hooks - Scenario Failed: Searching company name_2
2024-10-26 01:55:36 [main] INFO  cucumber.stepDef.GoogleSearch_stepDef - Loading browser....
2024-10-26 01:55:36 [main] INFO  cucumber.stepDef.GoogleSearch_stepDef - Loading url....
2024-10-26 01:55:38 [main] INFO  cucumber.stepDef.GoogleSearch_stepDef - Verifying Search box...
2024-10-26 01:55:51 [main] INFO  cucumber.stepDef.Hooks - Scenario Failed: Searching company name_1
2024-10-26 01:55:52 [main] INFO  cucumber.stepDef.GoogleSearch_stepDef - Loading browser....
2024-10-26 01:55:52 [main] INFO  cucumber.stepDef.GoogleSearch_stepDef - Loading url....
2024-10-26 01:55:53 [main] INFO  cucumber.stepDef.GoogleSearch_stepDef - Verifying Search box...
2024-10-26 01:55:58 [main] INFO  cucumber.stepDef.Hooks - Scenario Success: Searching company name_1
2024-10-26 01:55:59 [main] INFO  cucumber.stepDef.GoogleSearch_stepDef - Loading browser....
2024-10-26 01:55:59 [main] INFO  cucumber.stepDef.GoogleSearch_stepDef - Loading url....
2024-10-26 01:56:00 [main] INFO  cucumber.stepDef.GoogleSearch_stepDef - Verifying Search box...
2024-10-26 01:56:04 [main] INFO  cucumber.stepDef.Hooks - Scenario Success: Searching company name_2
2024-10-26 02:03:25 [main] INFO  cucumber.stepDef.GoogleSearch_stepDef - Loading browser....
2024-10-26 02:03:25 [main] INFO  cucumber.stepDef.GoogleSearch_stepDef - Loading url....
2024-10-26 02:03:26 [main] INFO  cucumber.stepDef.GoogleSearch_stepDef - Verifying Search box...
2024-10-26 02:03:40 [main] INFO  cucumber.stepDef.Hooks - Scenario Failed: Searching company name_1
2024-10-26 02:03:41 [main] INFO  cucumber.stepDef.GoogleSearch_stepDef - Loading browser....
2024-10-26 02:03:41 [main] INFO  cucumber.stepDef.GoogleSearch_stepDef - Loading url....
2024-10-26 02:03:42 [main] INFO  cucumber.stepDef.GoogleSearch_stepDef - Verifying Search box...
2024-10-26 02:03:44 [main] INFO  cucumber.stepDef.Hooks - Scenario Success: Searching company name_1
2024-10-26 02:03:45 [main] INFO  cucumber.stepDef.GoogleSearch_stepDef - Loading browser....
2024-10-26 02:03:45 [main] INFO  cucumber.stepDef.GoogleSearch_stepDef - Loading url....
2024-10-26 02:03:46 [main] INFO  cucumber.stepDef.GoogleSearch_stepDef - Verifying Search box...
2024-10-26 02:03:49 [main] INFO  cucumber.stepDef.Hooks - Scenario Success: Searching company name_2
2024-10-26 02:08:46 [main] INFO  cucumber.stepDef.GoogleSearch_stepDef - Loading browser....
2024-10-26 02:08:46 [main] INFO  cucumber.stepDef.GoogleSearch_stepDef - Loading url....
2024-10-26 02:08:48 [main] INFO  cucumber.stepDef.GoogleSearch_stepDef - Verifying Search box...
2024-10-26 02:09:01 [main] INFO  cucumber.stepDef.Hooks - Scenario Failed: Searching company name_1
2024-10-26 02:09:02 [main] INFO  cucumber.stepDef.GoogleSearch_stepDef - Loading browser....
2024-10-26 02:09:02 [main] INFO  cucumber.stepDef.GoogleSearch_stepDef - Loading url....
2024-10-26 02:09:03 [main] INFO  cucumber.stepDef.GoogleSearch_stepDef - Verifying Search box...
2024-10-26 02:09:05 [main] INFO  cucumber.stepDef.Hooks - Scenario Success: Searching company name_1
2024-10-26 02:09:06 [main] INFO  cucumber.stepDef.GoogleSearch_stepDef - Loading browser....
2024-10-26 02:09:06 [main] INFO  cucumber.stepDef.GoogleSearch_stepDef - Loading url....
2024-10-26 02:09:08 [main] INFO  cucumber.stepDef.GoogleSearch_stepDef - Verifying Search box...
2024-10-26 02:09:10 [main] INFO  cucumber.stepDef.Hooks - Scenario Success: Searching company name_2
2024-10-26 02:14:32 [main] INFO  cucumber.stepDef.GoogleSearch_stepDef - Loading browser....
2024-10-26 02:14:32 [main] INFO  cucumber.stepDef.GoogleSearch_stepDef - Loading url....
2024-10-26 02:14:33 [main] INFO  cucumber.stepDef.GoogleSearch_stepDef - Verifying Search box...
2024-10-26 02:14:47 [main] INFO  cucumber.stepDef.Hooks - Scenario Failed: Searching company name_1
2024-10-26 02:14:48 [main] INFO  cucumber.stepDef.GoogleSearch_stepDef - Loading browser....
2024-10-26 02:14:48 [main] INFO  cucumber.stepDef.GoogleSearch_stepDef - Loading url....
2024-10-26 02:14:49 [main] INFO  cucumber.stepDef.GoogleSearch_stepDef - Verifying Search box...
2024-10-26 02:14:53 [main] INFO  cucumber.stepDef.Hooks - Scenario Success: Searching company name_1
2024-10-26 02:14:54 [main] INFO  cucumber.stepDef.GoogleSearch_stepDef - Loading browser....
2024-10-26 02:14:54 [main] INFO  cucumber.stepDef.GoogleSearch_stepDef - Loading url....
2024-10-26 02:14:55 [main] INFO  cucumber.stepDef.GoogleSearch_stepDef - Verifying Search box...
2024-10-26 02:14:58 [main] INFO  cucumber.stepDef.Hooks - Scenario Success: Searching company name_2
2024-10-26 02:18:16 [main] INFO  cucumber.stepDef.GoogleSearch_stepDef - Loading browser....
2024-10-26 02:18:16 [main] INFO  cucumber.stepDef.GoogleSearch_stepDef - Loading url....
2024-10-26 02:18:17 [main] INFO  cucumber.stepDef.GoogleSearch_stepDef - Verifying Search box...
2024-10-26 02:18:31 [main] INFO  cucumber.stepDef.Hooks - Scenario Failed: Searching company name_1
2024-10-26 02:18:32 [main] INFO  cucumber.stepDef.GoogleSearch_stepDef - Loading browser....
2024-10-26 02:18:32 [main] INFO  cucumber.stepDef.GoogleSearch_stepDef - Loading url....
2024-10-26 02:18:33 [main] INFO  cucumber.stepDef.GoogleSearch_stepDef - Verifying Search box...
2024-10-26 02:18:47 [main] INFO  cucumber.stepDef.Hooks - Scenario Failed: Searching company name_1
2024-10-26 02:18:48 [main] INFO  cucumber.stepDef.GoogleSearch_stepDef - Loading browser....
2024-10-26 02:18:48 [main] INFO  cucumber.stepDef.GoogleSearch_stepDef - Loading url....
2024-10-26 02:18:49 [main] INFO  cucumber.stepDef.GoogleSearch_stepDef - Verifying Search box...
2024-10-26 02:18:53 [main] INFO  cucumber.stepDef.Hooks - Scenario Success: Searching company name_2
2024-10-26 17:27:42 [main] INFO  cucumber.stepDef.GoogleSearch_stepDef - Loading browser....
2024-10-26 17:27:42 [main] INFO  cucumber.stepDef.GoogleSearch_stepDef - Loading url....
2024-10-26 17:27:43 [main] INFO  cucumber.stepDef.GoogleSearch_stepDef - Verifying Search box...
2024-10-26 17:27:58 [main] INFO  cucumber.stepDef.Hooks - Scenario Failed: Searching company name_1
2024-10-26 17:27:59 [main] INFO  cucumber.stepDef.GoogleSearch_stepDef - Loading browser....
2024-10-26 17:27:59 [main] INFO  cucumber.stepDef.GoogleSearch_stepDef - Loading url....
2024-10-26 17:28:01 [main] INFO  cucumber.stepDef.GoogleSearch_stepDef - Verifying Search box...
2024-10-26 17:28:14 [main] INFO  cucumber.stepDef.Hooks - Scenario Failed: Searching company name_1
2024-10-26 17:28:15 [main] INFO  cucumber.stepDef.GoogleSearch_stepDef - Loading browser....
2024-10-26 17:28:15 [main] INFO  cucumber.stepDef.GoogleSearch_stepDef - Loading url....
2024-10-26 17:28:17 [main] INFO  cucumber.stepDef.GoogleSearch_stepDef - Verifying Search box...
2024-10-26 17:28:20 [main] INFO  cucumber.stepDef.Hooks - Scenario Success: Searching company name_2
2024-10-26 17:29:58 [main] INFO  cucumber.stepDef.GoogleSearch_stepDef - Loading browser....
2024-10-26 17:29:58 [main] INFO  cucumber.stepDef.GoogleSearch_stepDef - Loading url....
2024-10-26 17:29:59 [main] INFO  cucumber.stepDef.GoogleSearch_stepDef - Verifying Search box...
2024-10-26 17:30:02 [main] INFO  cucumber.stepDef.Hooks - Scenario Failed: Searching company name_1
2024-10-26 17:30:02 [main] INFO  cucumber.stepDef.GoogleSearch_stepDef - Loading browser....
2024-10-26 17:30:02 [main] INFO  cucumber.stepDef.GoogleSearch_stepDef - Loading url....
2024-10-26 17:30:02 [main] INFO  cucumber.stepDef.GoogleSearch_stepDef - Verifying Search box...
2024-10-26 17:30:14 [main] INFO  cucumber.stepDef.Hooks - Scenario Failed: Searching company name_1
2024-10-26 17:30:14 [main] INFO  cucumber.stepDef.GoogleSearch_stepDef - Loading browser....
2024-10-26 17:30:14 [main] INFO  cucumber.stepDef.GoogleSearch_stepDef - Loading url....
2024-10-26 17:30:15 [main] INFO  cucumber.stepDef.GoogleSearch_stepDef - Verifying Search box...
2024-10-26 17:30:17 [main] INFO  cucumber.stepDef.Hooks - Scenario Failed: Searching company name_2
2024-10-26 17:32:09 [main] INFO  cucumber.stepDef.GoogleSearch_stepDef - Loading browser....
2024-10-26 17:32:09 [main] INFO  cucumber.stepDef.GoogleSearch_stepDef - Loading url....
2024-10-26 17:32:11 [main] INFO  cucumber.stepDef.GoogleSearch_stepDef - Verifying Search box...
2024-10-26 17:32:23 [main] INFO  cucumber.stepDef.Hooks - Scenario Failed: Searching company name_1
2024-10-26 17:32:24 [main] INFO  cucumber.stepDef.GoogleSearch_stepDef - Loading browser....
2024-10-26 17:32:24 [main] INFO  cucumber.stepDef.GoogleSearch_stepDef - Loading url....
2024-10-26 17:32:25 [main] INFO  cucumber.stepDef.GoogleSearch_stepDef - Verifying Search box...
2024-10-26 17:32:27 [main] INFO  cucumber.stepDef.Hooks - Scenario Failed: Searching company name_1
2024-10-26 17:32:27 [main] INFO  cucumber.stepDef.GoogleSearch_stepDef - Loading browser....
2024-10-26 17:32:27 [main] INFO  cucumber.stepDef.GoogleSearch_stepDef - Loading url....
2024-10-26 17:32:28 [main] INFO  cucumber.stepDef.GoogleSearch_stepDef - Verifying Search box...
2024-10-26 17:32:29 [main] INFO  cucumber.stepDef.Hooks - Scenario Success: Searching company name_2
2024-10-26 17:54:10 [main] INFO  cucumber.stepDef.GoogleSearch_stepDef - Loading browser....
2024-10-26 17:54:10 [main] INFO  cucumber.stepDef.GoogleSearch_stepDef - Loading url....
2024-10-26 17:54:13 [main] INFO  cucumber.stepDef.GoogleSearch_stepDef - Verifying Search box...
2024-10-26 17:54:16 [main] INFO  cucumber.stepDef.Hooks - Scenario Failed: Searching company name_1
2024-10-26 17:54:17 [main] INFO  cucumber.stepDef.GoogleSearch_stepDef - Loading browser....
2024-10-26 17:54:17 [main] INFO  cucumber.stepDef.GoogleSearch_stepDef - Loading url....
2024-10-26 17:54:19 [main] INFO  cucumber.stepDef.GoogleSearch_stepDef - Verifying Search box...
2024-10-26 17:54:32 [main] INFO  cucumber.stepDef.Hooks - Scenario Failed: Searching company name_1
2024-10-26 17:54:33 [main] INFO  cucumber.stepDef.GoogleSearch_stepDef - Loading browser....
2024-10-26 17:54:33 [main] INFO  cucumber.stepDef.GoogleSearch_stepDef - Loading url....
2024-10-26 17:54:35 [main] INFO  cucumber.stepDef.GoogleSearch_stepDef - Verifying Search box...
2024-10-26 17:54:39 [main] INFO  cucumber.stepDef.Hooks - Scenario Success: Searching company name_2
2024-10-26 18:04:06 [main] INFO  cucumber.stepDef.GoogleSearch_stepDef - Loading browser....
2024-10-26 18:04:07 [main] INFO  cucumber.stepDef.GoogleSearch_stepDef - Loading url....
2024-10-26 18:04:09 [main] INFO  cucumber.stepDef.GoogleSearch_stepDef - Verifying Search box...
2024-10-26 18:04:22 [main] INFO  cucumber.stepDef.Hooks - Scenario Failed: Searching company name_1
2024-10-26 18:04:22 [main] INFO  cucumber.stepDef.GoogleSearch_stepDef - Loading browser....
2024-10-26 18:04:22 [main] INFO  cucumber.stepDef.GoogleSearch_stepDef - Loading url....
2024-10-26 18:04:24 [main] INFO  cucumber.stepDef.GoogleSearch_stepDef - Verifying Search box...
2024-10-26 18:04:37 [main] INFO  cucumber.stepDef.Hooks - Scenario Failed: Searching company name_1
2024-10-26 18:04:37 [main] INFO  cucumber.stepDef.GoogleSearch_stepDef - Loading browser....
2024-10-26 18:04:37 [main] INFO  cucumber.stepDef.GoogleSearch_stepDef - Loading url....
2024-10-26 18:04:38 [main] INFO  cucumber.stepDef.GoogleSearch_stepDef - Verifying Search box...
2024-10-26 18:04:41 [main] INFO  cucumber.stepDef.Hooks - Scenario Success: Searching company name_2
2024-10-26 18:08:09 [main] INFO  cucumber.stepDef.GoogleSearch_stepDef - Loading browser....
2024-10-26 18:08:09 [main] INFO  cucumber.stepDef.GoogleSearch_stepDef - Loading url....
2024-10-26 18:08:12 [main] INFO  cucumber.stepDef.GoogleSearch_stepDef - Verifying Search box...
2024-10-26 18:08:25 [main] INFO  cucumber.stepDef.Hooks - Scenario Failed: Searching company name_1
2024-10-26 18:08:25 [main] INFO  cucumber.stepDef.GoogleSearch_stepDef - Loading browser....
2024-10-26 18:08:25 [main] INFO  cucumber.stepDef.GoogleSearch_stepDef - Loading url....
2024-10-26 18:08:30 [main] INFO  cucumber.stepDef.GoogleSearch_stepDef - Verifying Search box...
2024-10-26 18:08:40 [main] INFO  cucumber.stepDef.Hooks - Scenario Failed: Searching company name_1
2024-10-26 18:08:40 [main] INFO  cucumber.stepDef.GoogleSearch_stepDef - Loading browser....
2024-10-26 18:08:40 [main] INFO  cucumber.stepDef.GoogleSearch_stepDef - Loading url....
2024-10-26 18:08:43 [main] INFO  cucumber.stepDef.GoogleSearch_stepDef - Verifying Search box...
2024-10-26 18:08:47 [main] INFO  cucumber.stepDef.Hooks - Scenario Failed: Searching company name_1
2024-10-26 18:08:47 [main] INFO  cucumber.stepDef.GoogleSearch_stepDef - Loading browser....
2024-10-26 18:08:47 [main] INFO  cucumber.stepDef.GoogleSearch_stepDef - Loading url....
2024-10-26 18:08:50 [main] INFO  cucumber.stepDef.GoogleSearch_stepDef - Verifying Search box...
2024-10-26 18:08:53 [main] INFO  cucumber.stepDef.Hooks - Scenario Success: Searching company name_2
2024-10-26 18:20:40 [main] INFO  cucumber.stepDef.GoogleSearch_stepDef - Loading browser....
2024-10-26 18:20:40 [main] INFO  cucumber.stepDef.GoogleSearch_stepDef - Loading url....
2024-10-26 18:20:43 [main] INFO  cucumber.stepDef.GoogleSearch_stepDef - Verifying Search box...
2024-10-26 18:20:57 [main] INFO  cucumber.stepDef.Hooks - Scenario Failed: Searching company name_1
2024-10-26 18:20:57 [main] INFO  cucumber.stepDef.GoogleSearch_stepDef - Loading browser....
2024-10-26 18:20:57 [main] INFO  cucumber.stepDef.GoogleSearch_stepDef - Loading url....
2024-10-26 18:20:58 [main] INFO  cucumber.stepDef.GoogleSearch_stepDef - Verifying Search box...
2024-10-26 18:21:11 [main] INFO  cucumber.stepDef.Hooks - Scenario Failed: Searching company name_1
2024-10-26 18:21:11 [main] INFO  cucumber.stepDef.GoogleSearch_stepDef - Loading browser....
2024-10-26 18:21:11 [main] INFO  cucumber.stepDef.GoogleSearch_stepDef - Loading url....
2024-10-26 18:21:12 [main] INFO  cucumber.stepDef.GoogleSearch_stepDef - Verifying Search box...
2024-10-26 18:21:15 [main] INFO  cucumber.stepDef.Hooks - Scenario Failed: Searching company name_1
2024-10-26 18:21:15 [main] INFO  cucumber.stepDef.GoogleSearch_stepDef - Loading browser....
2024-10-26 18:21:15 [main] INFO  cucumber.stepDef.GoogleSearch_stepDef - Loading url....
2024-10-26 18:21:16 [main] INFO  cucumber.stepDef.GoogleSearch_stepDef - Verifying Search box...
2024-10-26 18:21:18 [main] INFO  cucumber.stepDef.Hooks - Scenario Success: Searching company name_2
2024-10-26 18:21:50 [main] INFO  cucumber.stepDef.GoogleSearch_stepDef - Loading browser....
2024-10-26 18:21:50 [main] INFO  cucumber.stepDef.GoogleSearch_stepDef - Loading url....
2024-10-26 18:21:52 [main] INFO  cucumber.stepDef.GoogleSearch_stepDef - Verifying Search box...
2024-10-26 18:21:59 [main] INFO  cucumber.stepDef.Hooks - Scenario Failed: Searching company name_1
2024-10-26 18:21:59 [main] INFO  cucumber.stepDef.GoogleSearch_stepDef - Loading browser....
2024-10-26 18:21:59 [main] INFO  cucumber.stepDef.GoogleSearch_stepDef - Loading url....
2024-10-26 18:22:01 [main] INFO  cucumber.stepDef.GoogleSearch_stepDef - Verifying Search box...
2024-10-26 18:22:03 [main] INFO  cucumber.stepDef.Hooks - Scenario Failed: Searching company name_1
2024-10-26 18:22:03 [main] INFO  cucumber.stepDef.GoogleSearch_stepDef - Loading browser....
2024-10-26 18:22:03 [main] INFO  cucumber.stepDef.GoogleSearch_stepDef - Loading url....
2024-10-26 18:22:03 [main] INFO  cucumber.stepDef.Hooks - Scenario Failed: Searching company name_1
2024-10-26 18:22:03 [main] INFO  cucumber.stepDef.GoogleSearch_stepDef - Loading browser....
2024-10-26 18:22:03 [main] INFO  cucumber.stepDef.GoogleSearch_stepDef - Loading url....
2024-10-26 18:22:03 [main] INFO  cucumber.stepDef.Hooks - Scenario Failed: Searching company name_2
2024-10-26 18:22:18 [main] INFO  cucumber.stepDef.GoogleSearch_stepDef - Loading browser....
2024-10-26 18:22:18 [main] INFO  cucumber.stepDef.GoogleSearch_stepDef - Loading url....
2024-10-26 18:22:21 [main] INFO  cucumber.stepDef.GoogleSearch_stepDef - Verifying Search box...
2024-10-26 18:22:38 [main] INFO  cucumber.stepDef.Hooks - Scenario Failed: Searching company name_1
2024-10-26 18:22:38 [main] INFO  cucumber.stepDef.GoogleSearch_stepDef - Loading browser....
2024-10-26 18:22:38 [main] INFO  cucumber.stepDef.GoogleSearch_stepDef - Loading url....
2024-10-26 18:22:38 [main] INFO  cucumber.stepDef.Hooks - Scenario Failed: Searching company name_1
2024-10-26 18:22:38 [main] INFO  cucumber.stepDef.GoogleSearch_stepDef - Loading browser....
2024-10-26 18:22:38 [main] INFO  cucumber.stepDef.GoogleSearch_stepDef - Loading url....
2024-10-26 18:22:38 [main] INFO  cucumber.stepDef.Hooks - Scenario Failed: Searching company name_1
2024-10-26 18:22:38 [main] INFO  cucumber.stepDef.GoogleSearch_stepDef - Loading browser....
2024-10-26 18:22:38 [main] INFO  cucumber.stepDef.GoogleSearch_stepDef - Loading url....
2024-10-26 18:22:38 [main] INFO  cucumber.stepDef.Hooks - Scenario Failed: Searching company name_2
2024-10-26 18:23:06 [main] INFO  cucumber.stepDef.GoogleSearch_stepDef - Loading browser....
2024-10-26 18:23:06 [main] INFO  cucumber.stepDef.GoogleSearch_stepDef - Loading url....
2024-10-26 18:23:08 [main] INFO  cucumber.stepDef.GoogleSearch_stepDef - Verifying Search box...
2024-10-26 18:23:21 [main] INFO  cucumber.stepDef.Hooks - Scenario Failed: Searching company name_1
2024-10-26 18:23:22 [main] INFO  cucumber.stepDef.GoogleSearch_stepDef - Loading browser....
2024-10-26 18:23:22 [main] INFO  cucumber.stepDef.GoogleSearch_stepDef - Loading url....
2024-10-26 18:23:23 [main] INFO  cucumber.stepDef.GoogleSearch_stepDef - Verifying Search box...
2024-10-26 18:23:26 [main] INFO  cucumber.stepDef.Hooks - Scenario Failed: Searching company name_1
2024-10-26 18:23:26 [main] INFO  cucumber.stepDef.GoogleSearch_stepDef - Loading browser....
2024-10-26 18:23:26 [main] INFO  cucumber.stepDef.GoogleSearch_stepDef - Loading url....
2024-10-26 18:23:27 [main] INFO  cucumber.stepDef.GoogleSearch_stepDef - Verifying Search box...
2024-10-26 18:23:30 [main] INFO  cucumber.stepDef.Hooks - Scenario Failed: Searching company name_1
2024-10-26 18:23:31 [main] INFO  cucumber.stepDef.GoogleSearch_stepDef - Loading browser....
2024-10-26 18:23:31 [main] INFO  cucumber.stepDef.GoogleSearch_stepDef - Loading url....
2024-10-26 18:23:31 [main] INFO  cucumber.stepDef.GoogleSearch_stepDef - Verifying Search box...
2024-10-26 18:23:34 [main] INFO  cucumber.stepDef.Hooks - Scenario Success: Searching company name_2
2024-10-26 18:36:10 [main] INFO  cucumber.stepDef.GoogleSearch_stepDef - Loading browser....
2024-10-26 18:36:10 [main] INFO  cucumber.stepDef.GoogleSearch_stepDef - Loading url....
2024-10-26 18:36:11 [main] INFO  cucumber.stepDef.GoogleSearch_stepDef - Verifying Search box...
2024-10-26 18:36:27 [main] INFO  cucumber.stepDef.Hooks - Scenario Failed: Searching company name_1
2024-10-26 18:36:27 [main] INFO  cucumber.stepDef.GoogleSearch_stepDef - Loading browser....
2024-10-26 18:36:27 [main] INFO  cucumber.stepDef.GoogleSearch_stepDef - Loading url....
2024-10-26 18:36:29 [main] INFO  cucumber.stepDef.GoogleSearch_stepDef - Verifying Search box...
2024-10-26 18:36:31 [main] INFO  cucumber.stepDef.Hooks - Scenario Failed: Searching company name_1
2024-10-26 18:36:32 [main] INFO  cucumber.stepDef.GoogleSearch_stepDef - Loading browser....
2024-10-26 18:36:32 [main] INFO  cucumber.stepDef.GoogleSearch_stepDef - Loading url....
2024-10-26 18:36:32 [main] INFO  cucumber.stepDef.GoogleSearch_stepDef - Verifying Search box...
2024-10-26 18:36:35 [main] INFO  cucumber.stepDef.Hooks - Scenario Failed: Searching company name_1
2024-10-26 18:36:35 [main] INFO  cucumber.stepDef.GoogleSearch_stepDef - Loading browser....
2024-10-26 18:36:35 [main] INFO  cucumber.stepDef.GoogleSearch_stepDef - Loading url....
2024-10-26 18:36:36 [main] INFO  cucumber.stepDef.GoogleSearch_stepDef - Verifying Search box...
2024-10-26 18:36:38 [main] INFO  cucumber.stepDef.Hooks - Scenario Failed: Searching company name_2
2024-10-26 18:48:08 [main] INFO  cucumber.stepDef.GoogleSearch_stepDef - Loading browser....
2024-10-26 18:48:08 [main] INFO  cucumber.stepDef.GoogleSearch_stepDef - Loading url....
2024-10-26 18:48:09 [main] INFO  cucumber.stepDef.GoogleSearch_stepDef - Verifying Search box...
2024-10-26 18:48:23 [main] INFO  cucumber.stepDef.Hooks - Scenario Failed: Searching company name_1
2024-10-26 18:48:23 [main] INFO  cucumber.stepDef.GoogleSearch_stepDef - Loading browser....
2024-10-26 18:48:23 [main] INFO  cucumber.stepDef.GoogleSearch_stepDef - Loading url....
2024-10-26 18:48:25 [main] INFO  cucumber.stepDef.GoogleSearch_stepDef - Verifying Search box...
2024-10-26 18:48:27 [main] INFO  cucumber.stepDef.Hooks - Scenario Failed: Searching company name_1
2024-10-26 18:48:27 [main] INFO  cucumber.stepDef.GoogleSearch_stepDef - Loading browser....
2024-10-26 18:48:27 [main] INFO  cucumber.stepDef.GoogleSearch_stepDef - Loading url....
2024-10-26 18:48:28 [main] INFO  cucumber.stepDef.GoogleSearch_stepDef - Verifying Search box...
2024-10-26 18:48:30 [main] INFO  cucumber.stepDef.Hooks - Scenario Failed: Searching company name_1
2024-10-26 18:48:30 [main] INFO  cucumber.stepDef.GoogleSearch_stepDef - Loading browser....
2024-10-26 18:48:30 [main] INFO  cucumber.stepDef.GoogleSearch_stepDef - Loading url....
2024-10-26 18:48:31 [main] INFO  cucumber.stepDef.GoogleSearch_stepDef - Verifying Search box...
2024-10-26 18:48:33 [main] INFO  cucumber.stepDef.Hooks - Scenario Success: Searching company name_2
2024-10-26 18:55:59 [main] INFO  cucumber.stepDef.GoogleSearch_stepDef - Loading browser....
2024-10-26 18:55:59 [main] INFO  cucumber.stepDef.GoogleSearch_stepDef - Loading url....
2024-10-26 18:56:01 [main] INFO  cucumber.stepDef.GoogleSearch_stepDef - Verifying Search box...
2024-10-26 18:56:14 [main] INFO  cucumber.stepDef.Hooks - Scenario Failed: Searching company name_1
2024-10-26 18:56:15 [main] INFO  cucumber.stepDef.GoogleSearch_stepDef - Loading browser....
2024-10-26 18:56:15 [main] INFO  cucumber.stepDef.GoogleSearch_stepDef - Loading url....
2024-10-26 18:56:16 [main] INFO  cucumber.stepDef.GoogleSearch_stepDef - Verifying Search box...
2024-10-26 18:56:17 [main] INFO  cucumber.stepDef.Hooks - Scenario Failed: Searching company name_1
2024-10-26 18:56:18 [main] INFO  cucumber.stepDef.GoogleSearch_stepDef - Loading browser....
2024-10-26 18:56:18 [main] INFO  cucumber.stepDef.GoogleSearch_stepDef - Loading url....
2024-10-26 18:56:18 [main] INFO  cucumber.stepDef.GoogleSearch_stepDef - Verifying Search box...
2024-10-26 18:56:20 [main] INFO  cucumber.stepDef.Hooks - Scenario Failed: Searching company name_1
2024-10-26 18:56:21 [main] INFO  cucumber.stepDef.GoogleSearch_stepDef - Loading browser....
2024-10-26 18:56:21 [main] INFO  cucumber.stepDef.GoogleSearch_stepDef - Loading url....
2024-10-26 18:56:22 [main] INFO  cucumber.stepDef.GoogleSearch_stepDef - Verifying Search box...
2024-10-26 18:56:24 [main] INFO  cucumber.stepDef.Hooks - Scenario Failed: Searching company name_2
2024-10-26 19:11:48 [main] INFO  cucumber.stepDef.GoogleSearch_stepDef - Loading browser....
2024-10-26 19:11:48 [main] INFO  cucumber.stepDef.GoogleSearch_stepDef - Loading url....
2024-10-26 19:11:50 [main] INFO  cucumber.stepDef.GoogleSearch_stepDef - Verifying Search box...
2024-10-26 19:11:53 [main] INFO  cucumber.stepDef.Hooks - Scenario Success: Searching company name_1
2024-10-26 19:11:53 [main] INFO  cucumber.stepDef.GoogleSearch_stepDef - Loading browser....
2024-10-26 19:11:53 [main] INFO  cucumber.stepDef.GoogleSearch_stepDef - Loading url....
2024-10-26 19:11:54 [main] INFO  cucumber.stepDef.GoogleSearch_stepDef - Verifying Search box...
2024-10-26 19:11:55 [main] INFO  cucumber.stepDef.Hooks - Scenario Success: Searching company name_1
2024-10-26 19:11:56 [main] INFO  cucumber.stepDef.GoogleSearch_stepDef - Loading browser....
2024-10-26 19:11:56 [main] INFO  cucumber.stepDef.GoogleSearch_stepDef - Loading url....
2024-10-26 19:11:56 [main] INFO  cucumber.stepDef.GoogleSearch_stepDef - Verifying Search box...
2024-10-26 19:11:59 [main] INFO  cucumber.stepDef.Hooks - Scenario Failed: Searching company name_1
2024-10-26 19:12:00 [main] INFO  cucumber.stepDef.GoogleSearch_stepDef - Loading browser....
2024-10-26 19:12:00 [main] INFO  cucumber.stepDef.GoogleSearch_stepDef - Loading url....
2024-10-26 19:12:00 [main] INFO  cucumber.stepDef.GoogleSearch_stepDef - Verifying Search box...
2024-10-26 19:12:12 [main] INFO  cucumber.stepDef.Hooks - Scenario Failed: Searching company name_2
2024-10-26 19:28:24 [main] INFO  cucumber.stepDef.GoogleSearch_stepDef - Loading browser....
2024-10-26 19:28:24 [main] INFO  cucumber.stepDef.GoogleSearch_stepDef - Loading url....
2024-10-26 19:28:25 [main] INFO  cucumber.stepDef.GoogleSearch_stepDef - Verifying Search box...
2024-10-26 19:28:28 [main] INFO  cucumber.stepDef.Hooks - Scenario Failed: Searching company name_1
2024-10-26 19:28:28 [main] INFO  cucumber.stepDef.GoogleSearch_stepDef - Loading browser....
2024-10-26 19:28:28 [main] INFO  cucumber.stepDef.GoogleSearch_stepDef - Loading url....
2024-10-26 19:28:29 [main] INFO  cucumber.stepDef.GoogleSearch_stepDef - Verifying Search box...
2024-10-26 19:28:31 [main] INFO  cucumber.stepDef.Hooks - Scenario Success: Searching company name_1
2024-10-26 19:28:31 [main] INFO  cucumber.stepDef.GoogleSearch_stepDef - Loading browser....
2024-10-26 19:28:31 [main] INFO  cucumber.stepDef.GoogleSearch_stepDef - Loading url....
2024-10-26 19:28:32 [main] INFO  cucumber.stepDef.GoogleSearch_stepDef - Verifying Search box...
2024-10-26 19:28:34 [main] INFO  cucumber.stepDef.Hooks - Scenario Success: Searching company name_1
2024-10-26 19:28:34 [main] INFO  cucumber.stepDef.GoogleSearch_stepDef - Loading browser....
2024-10-26 19:28:34 [main] INFO  cucumber.stepDef.GoogleSearch_stepDef - Loading url....
2024-10-26 19:28:35 [main] INFO  cucumber.stepDef.GoogleSearch_stepDef - Verifying Search box...
2024-10-26 19:28:47 [main] INFO  cucumber.stepDef.Hooks - Scenario Failed: Searching company name_2
2024-10-26 21:14:55 [main] INFO  cucumber.stepDef.GoogleSearch_stepDef - Loading browser....
2024-10-26 21:14:55 [main] INFO  cucumber.stepDef.GoogleSearch_stepDef - Loading url....
2024-10-26 21:14:57 [main] INFO  cucumber.stepDef.GoogleSearch_stepDef - Verifying Search box...
2024-10-26 21:14:59 [main] INFO  cucumber.stepDef.Hooks - Scenario Success: Searching company name_1
2024-10-26 21:15:00 [main] INFO  cucumber.stepDef.GoogleSearch_stepDef - Loading browser....
2024-10-26 21:15:00 [main] INFO  cucumber.stepDef.GoogleSearch_stepDef - Loading url....
2024-10-26 21:15:00 [main] INFO  cucumber.stepDef.GoogleSearch_stepDef - Verifying Search box...
2024-10-26 21:15:12 [main] INFO  cucumber.stepDef.Hooks - Scenario Failed: Searching company name_2
2024-10-26 21:25:28 [main] INFO  cucumber.stepDef.GoogleSearch_stepDef - Loading browser....
2024-10-26 21:25:28 [main] INFO  cucumber.stepDef.GoogleSearch_stepDef - Loading url....
2024-10-26 21:25:31 [main] INFO  cucumber.stepDef.GoogleSearch_stepDef - Verifying Search box...
2024-10-26 21:25:33 [main] INFO  cucumber.stepDef.Hooks - Scenario Success: Searching company name_1
2024-10-26 21:25:34 [main] INFO  cucumber.stepDef.GoogleSearch_stepDef - Loading browser....
2024-10-26 21:25:34 [main] INFO  cucumber.stepDef.GoogleSearch_stepDef - Loading url....
2024-10-26 21:25:34 [main] INFO  cucumber.stepDef.GoogleSearch_stepDef - Verifying Search box...
2024-10-26 21:25:47 [main] INFO  cucumber.stepDef.Hooks - Scenario Failed: Searching company name_2
2024-10-26 21:29:38 [main] INFO  cucumber.stepDef.GoogleSearch_stepDef - Loading browser....
2024-10-26 21:29:39 [main] INFO  cucumber.stepDef.GoogleSearch_stepDef - Loading url....
2024-10-26 21:29:41 [main] INFO  cucumber.stepDef.GoogleSearch_stepDef - Verifying Search box...
2024-10-26 21:29:44 [main] INFO  cucumber.stepDef.Hooks - Scenario Success: Searching company name_1
2024-10-26 21:29:44 [main] INFO  cucumber.stepDef.GoogleSearch_stepDef - Loading browser....
2024-10-26 21:29:44 [main] INFO  cucumber.stepDef.GoogleSearch_stepDef - Loading url....
2024-10-26 21:29:45 [main] INFO  cucumber.stepDef.GoogleSearch_stepDef - Verifying Search box...
2024-10-26 21:29:58 [main] INFO  cucumber.stepDef.Hooks - Scenario Failed: Searching company name_2
2024-10-26 21:36:37 [main] INFO  cucumber.stepDef.GoogleSearch_stepDef - Loading browser....
2024-10-26 21:36:37 [main] INFO  cucumber.stepDef.GoogleSearch_stepDef - Loading url....
2024-10-26 21:36:40 [main] INFO  cucumber.stepDef.GoogleSearch_stepDef - Verifying Search box...
2024-10-26 21:36:43 [main] INFO  cucumber.stepDef.Hooks - Scenario Success: Searching company name_1
2024-10-26 21:36:43 [main] INFO  cucumber.stepDef.GoogleSearch_stepDef - Loading browser....
2024-10-26 21:36:43 [main] INFO  cucumber.stepDef.GoogleSearch_stepDef - Loading url....
2024-10-26 21:36:44 [main] INFO  cucumber.stepDef.GoogleSearch_stepDef - Verifying Search box...
2024-10-26 21:36:56 [main] INFO  cucumber.stepDef.Hooks - Scenario Failed: Searching company name_2
2024-10-26 21:48:01 [main] INFO  cucumber.stepDef.GoogleSearch_stepDef - Loading browser....
2024-10-26 21:48:01 [main] INFO  cucumber.stepDef.GoogleSearch_stepDef - Loading url....
2024-10-26 21:48:02 [main] INFO  cucumber.stepDef.GoogleSearch_stepDef - Verifying Search box...
2024-10-26 21:48:06 [main] INFO  cucumber.stepDef.Hooks - Scenario Success: Searching company name_1
2024-10-26 21:48:06 [main] INFO  cucumber.stepDef.GoogleSearch_stepDef - Loading browser....
2024-10-26 21:48:06 [main] INFO  cucumber.stepDef.GoogleSearch_stepDef - Loading url....
2024-10-26 21:48:07 [main] INFO  cucumber.stepDef.GoogleSearch_stepDef - Verifying Search box...
2024-10-26 21:48:19 [main] INFO  cucumber.stepDef.Hooks - Scenario Failed: Searching company name_2
2024-10-26 21:51:44 [main] INFO  cucumber.stepDef.GoogleSearch_stepDef - Loading browser....
2024-10-26 21:51:44 [main] INFO  cucumber.stepDef.GoogleSearch_stepDef - Loading url....
2024-10-26 21:51:46 [main] INFO  cucumber.stepDef.GoogleSearch_stepDef - Verifying Search box...
2024-10-26 21:51:49 [main] INFO  cucumber.stepDef.Hooks - Scenario Success: Searching company name_1
2024-10-26 21:51:49 [main] INFO  cucumber.stepDef.GoogleSearch_stepDef - Loading browser....
2024-10-26 21:51:49 [main] INFO  cucumber.stepDef.GoogleSearch_stepDef - Loading url....
2024-10-26 21:51:50 [main] INFO  cucumber.stepDef.GoogleSearch_stepDef - Verifying Search box...
2024-10-26 21:52:02 [main] INFO  cucumber.stepDef.Hooks - Scenario Failed: Searching company name_2
2024-10-26 21:55:54 [main] INFO  cucumber.stepDef.GoogleSearch_stepDef - Loading browser....
2024-10-26 21:55:54 [main] INFO  cucumber.stepDef.GoogleSearch_stepDef - Loading url....
2024-10-26 21:55:56 [main] INFO  cucumber.stepDef.GoogleSearch_stepDef - Verifying Search box...
2024-10-26 21:55:59 [main] INFO  cucumber.stepDef.Hooks - Scenario Success: Searching company name_1
2024-10-26 21:55:59 [main] INFO  cucumber.stepDef.GoogleSearch_stepDef - Loading browser....
2024-10-26 21:55:59 [main] INFO  cucumber.stepDef.GoogleSearch_stepDef - Loading url....
2024-10-26 21:56:00 [main] INFO  cucumber.stepDef.GoogleSearch_stepDef - Verifying Search box...
2024-10-26 21:56:12 [main] INFO  cucumber.stepDef.Hooks - Scenario Failed: Searching company name_2
2024-10-26 21:59:14 [main] INFO  cucumber.stepDef.GoogleSearch_stepDef - Loading browser....
2024-10-26 21:59:14 [main] INFO  cucumber.stepDef.GoogleSearch_stepDef - Loading url....
2024-10-26 21:59:17 [main] INFO  cucumber.stepDef.GoogleSearch_stepDef - Verifying Search box...
2024-10-26 21:59:19 [main] INFO  cucumber.stepDef.Hooks - Scenario Success: Searching company name_1
2024-10-26 21:59:19 [main] INFO  cucumber.stepDef.GoogleSearch_stepDef - Loading browser....
2024-10-26 21:59:19 [main] INFO  cucumber.stepDef.GoogleSearch_stepDef - Loading url....
2024-10-26 21:59:20 [main] INFO  cucumber.stepDef.GoogleSearch_stepDef - Verifying Search box...
2024-10-26 21:59:32 [main] INFO  cucumber.stepDef.Hooks - Scenario Failed: Searching company name_2
2024-10-26 22:05:58 [main] INFO  cucumber.stepDef.GoogleSearch_stepDef - Loading browser....
2024-10-26 22:05:58 [main] INFO  cucumber.stepDef.GoogleSearch_stepDef - Loading url....
2024-10-26 22:06:01 [main] INFO  cucumber.stepDef.GoogleSearch_stepDef - Verifying Search box...
2024-10-26 22:06:04 [main] INFO  cucumber.stepDef.Hooks - Scenario Success: Searching company name_1
2024-10-26 22:06:04 [main] INFO  cucumber.stepDef.GoogleSearch_stepDef - Loading browser....
2024-10-26 22:06:04 [main] INFO  cucumber.stepDef.GoogleSearch_stepDef - Loading url....
2024-10-26 22:06:05 [main] INFO  cucumber.stepDef.GoogleSearch_stepDef - Verifying Search box...
2024-10-26 22:06:17 [main] INFO  cucumber.stepDef.Hooks - Scenario Failed: Searching company name_2
2024-10-26 22:08:52 [main] INFO  cucumber.stepDef.GoogleSearch_stepDef - Loading browser....
2024-10-26 22:08:52 [main] INFO  cucumber.stepDef.GoogleSearch_stepDef - Loading url....
2024-10-26 22:08:54 [main] INFO  cucumber.stepDef.GoogleSearch_stepDef - Verifying Search box...
2024-10-26 22:08:57 [main] INFO  cucumber.stepDef.Hooks - Scenario Success: Searching company name_1
2024-10-26 22:08:57 [main] INFO  cucumber.stepDef.GoogleSearch_stepDef - Loading browser....
2024-10-26 22:08:57 [main] INFO  cucumber.stepDef.GoogleSearch_stepDef - Loading url....
2024-10-26 22:08:58 [main] INFO  cucumber.stepDef.GoogleSearch_stepDef - Verifying Search box...
2024-10-26 22:09:10 [main] INFO  cucumber.stepDef.Hooks - Scenario Failed: Searching company name_2
2024-10-26 22:11:56 [main] INFO  cucumber.stepDef.GoogleSearch_stepDef - Loading browser....
2024-10-26 22:11:56 [main] INFO  cucumber.stepDef.GoogleSearch_stepDef - Loading url....
2024-10-26 22:11:58 [main] INFO  cucumber.stepDef.GoogleSearch_stepDef - Verifying Search box...
2024-10-26 22:12:01 [main] INFO  cucumber.stepDef.Hooks - Scenario Success: Searching company name_1
2024-10-26 22:12:01 [main] INFO  cucumber.stepDef.GoogleSearch_stepDef - Loading browser....
2024-10-26 22:12:01 [main] INFO  cucumber.stepDef.GoogleSearch_stepDef - Loading url....
2024-10-26 22:12:03 [main] INFO  cucumber.stepDef.GoogleSearch_stepDef - Verifying Search box...
2024-10-26 22:12:16 [main] INFO  cucumber.stepDef.Hooks - Scenario Failed: Searching company name_2
2024-10-27 00:05:40 [main] INFO  cucumber.stepDef.GoogleSearch_stepDef - Loading browser....
2024-10-27 00:05:40 [main] INFO  cucumber.stepDef.GoogleSearch_stepDef - Loading url....
2024-10-27 00:05:42 [main] INFO  cucumber.stepDef.GoogleSearch_stepDef - Verifying Search box...
2024-10-27 00:05:45 [main] INFO  cucumber.stepDef.Hooks - Scenario Success: Searching company name_1
2024-10-27 00:05:45 [main] INFO  cucumber.stepDef.GoogleSearch_stepDef - Loading browser....
2024-10-27 00:05:45 [main] INFO  cucumber.stepDef.GoogleSearch_stepDef - Loading url....
2024-10-27 00:05:46 [main] INFO  cucumber.stepDef.GoogleSearch_stepDef - Verifying Search box...
2024-10-27 00:05:58 [main] INFO  cucumber.stepDef.Hooks - Scenario Failed: Searching company name_2
2024-10-27 00:07:28 [main] INFO  cucumber.stepDef.GoogleSearch_stepDef - Loading browser....
2024-10-27 00:07:28 [main] INFO  cucumber.stepDef.GoogleSearch_stepDef - Loading url....
2024-10-27 00:07:30 [main] INFO  cucumber.stepDef.GoogleSearch_stepDef - Verifying Search box...
2024-10-27 00:07:32 [main] INFO  cucumber.stepDef.Hooks - Scenario Success: Searching company name_1
2024-10-27 00:07:32 [main] INFO  cucumber.stepDef.GoogleSearch_stepDef - Loading browser....
2024-10-27 00:07:32 [main] INFO  cucumber.stepDef.GoogleSearch_stepDef - Loading url....
2024-10-27 00:07:33 [main] INFO  cucumber.stepDef.GoogleSearch_stepDef - Verifying Search box...
2024-10-27 00:07:45 [main] INFO  cucumber.stepDef.Hooks - Scenario Failed: Searching company name_2
2024-10-27 00:08:36 [main] INFO  cucumber.stepDef.GoogleSearch_stepDef - Loading browser....
2024-10-27 00:08:36 [main] INFO  cucumber.stepDef.GoogleSearch_stepDef - Loading url....
2024-10-27 00:08:37 [main] INFO  cucumber.stepDef.GoogleSearch_stepDef - Verifying Search box...
2024-10-27 00:08:40 [main] INFO  cucumber.stepDef.Hooks - Scenario Success: Searching company name_1
2024-10-27 00:08:40 [main] INFO  cucumber.stepDef.GoogleSearch_stepDef - Loading browser....
2024-10-27 00:08:40 [main] INFO  cucumber.stepDef.GoogleSearch_stepDef - Loading url....
2024-10-27 00:08:41 [main] INFO  cucumber.stepDef.GoogleSearch_stepDef - Verifying Search box...
2024-10-27 00:08:53 [main] INFO  cucumber.stepDef.Hooks - Scenario Failed: Searching company name_2
2024-10-27 00:15:10 [main] INFO  cucumber.stepDef.GoogleSearch_stepDef - Loading browser....
2024-10-27 00:15:10 [main] INFO  cucumber.stepDef.GoogleSearch_stepDef - Loading url....
2024-10-27 00:15:12 [main] INFO  cucumber.stepDef.GoogleSearch_stepDef - Verifying Search box...
2024-10-27 00:15:15 [main] INFO  cucumber.stepDef.Hooks - Scenario Success: Searching company name_1
2024-10-27 00:15:15 [main] INFO  cucumber.stepDef.GoogleSearch_stepDef - Loading browser....
2024-10-27 00:15:15 [main] INFO  cucumber.stepDef.GoogleSearch_stepDef - Loading url....
2024-10-27 00:15:16 [main] INFO  cucumber.stepDef.GoogleSearch_stepDef - Verifying Search box...
2024-10-27 00:15:28 [main] INFO  cucumber.stepDef.Hooks - Scenario Failed: Searching company name_2
2024-10-27 00:26:07 [main] INFO  cucumber.stepDef.GoogleSearch_stepDef - Loading browser....
2024-10-27 00:26:07 [main] INFO  cucumber.stepDef.GoogleSearch_stepDef - Loading url....
2024-10-27 00:26:09 [main] INFO  cucumber.stepDef.GoogleSearch_stepDef - Verifying Search box...
2024-10-27 00:26:12 [main] INFO  cucumber.stepDef.Hooks - Scenario Success: Searching company name_1
2024-10-27 00:26:12 [main] INFO  cucumber.stepDef.GoogleSearch_stepDef - Loading browser....
2024-10-27 00:26:12 [main] INFO  cucumber.stepDef.GoogleSearch_stepDef - Loading url....
2024-10-27 00:26:13 [main] INFO  cucumber.stepDef.GoogleSearch_stepDef - Verifying Search box...
2024-10-27 00:26:25 [main] INFO  cucumber.stepDef.Hooks - Scenario Failed: Searching company name_2
2024-10-27 00:28:41 [main] INFO  cucumber.stepDef.GoogleSearch_stepDef - Loading browser....
2024-10-27 00:28:41 [main] INFO  cucumber.stepDef.GoogleSearch_stepDef - Loading url....
2024-10-27 00:28:43 [main] INFO  cucumber.stepDef.GoogleSearch_stepDef - Verifying Search box...
2024-10-27 00:28:46 [main] INFO  cucumber.stepDef.Hooks - Scenario Success: Searching company name_1
2024-10-27 00:28:46 [main] INFO  cucumber.stepDef.GoogleSearch_stepDef - Loading browser....
2024-10-27 00:28:46 [main] INFO  cucumber.stepDef.GoogleSearch_stepDef - Loading url....
2024-10-27 00:28:47 [main] INFO  cucumber.stepDef.GoogleSearch_stepDef - Verifying Search box...
2024-10-27 00:29:00 [main] INFO  cucumber.stepDef.Hooks - Scenario Failed: Searching company name_2
2024-10-27 01:08:50 [main] INFO  cucumber.stepDef.GoogleSearch_stepDef - Loading browser....
2024-10-27 01:08:50 [main] INFO  cucumber.stepDef.GoogleSearch_stepDef - Loading url....
2024-10-27 01:08:52 [main] INFO  cucumber.stepDef.GoogleSearch_stepDef - Verifying Search box...
2024-10-27 01:08:55 [main] INFO  cucumber.stepDef.Hooks - Scenario Success: Searching company name_1
2024-10-27 01:08:55 [main] INFO  cucumber.stepDef.GoogleSearch_stepDef - Loading browser....
2024-10-27 01:08:55 [main] INFO  cucumber.stepDef.GoogleSearch_stepDef - Loading url....
2024-10-27 01:08:56 [main] INFO  cucumber.stepDef.GoogleSearch_stepDef - Verifying Search box...
2024-10-27 01:09:08 [main] INFO  cucumber.stepDef.Hooks - Scenario Failed: Searching company name_2
